<?xml version="1.0" encoding="UTF-8"?>
<!-- Generated by org.testng.reporters.JUnitReportReporter -->
<testsuite hostname="DESKTOP-E01QGNP" failures="0" tests="6" name="com.mdg.prod.dashboard.MdgDataValidation_Final" time="0.517" errors="1" timestamp="2024-10-09T13:45:10 IST" skipped="5">
  <testcase classname="com.mdg.prod.dashboard.MdgDataValidation_Final" name="mdgFuelData" time="0.000">
    <skipped/>
  </testcase> <!-- mdgFuelData -->
  <system-out/>
  <testcase classname="com.mdg.prod.dashboard.MdgDataValidation_Final" name="getmdgData" time="0.000">
    <skipped/>
  </testcase> <!-- getmdgData -->
  <system-out/>
  <testcase classname="com.mdg.prod.dashboard.MdgDataValidation_Final" name="getdevicelists" time="0.000">
    <skipped/>
  </testcase> <!-- getdevicelists -->
  <system-out/>
  <testcase classname="com.mdg.prod.dashboard.MdgDataValidation_Final" name="beforesuite" time="0.517">
    <error message="begin 0, end 10, length 0" type="java.lang.StringIndexOutOfBoundsException">
      <![CDATA[java.lang.StringIndexOutOfBoundsException: begin 0, end 10, length 0
at java.base/java.lang.String.checkBoundsBeginEnd(String.java:3319)
at java.base/java.lang.String.substring(String.java:1874)
at com.mdg.prod.dashboard.BaseClassApi.enddate_in_milli(BaseClassApi.java:311)
at com.mdg.prod.dashboard.BaseClassApi.beforesuite(BaseClassApi.java:176)
at java.base/jdk.internal.reflect.NativeMethodAccessorImpl.invoke0(Native Method)
at java.base/jdk.internal.reflect.NativeMethodAccessorImpl.invoke(NativeMethodAccessorImpl.java:62)
at java.base/jdk.internal.reflect.DelegatingMethodAccessorImpl.invoke(DelegatingMethodAccessorImpl.java:43)
at java.base/java.lang.reflect.Method.invoke(Method.java:566)
at org.testng.internal.MethodInvocationHelper.invokeMethod(MethodInvocationHelper.java:133)
at org.testng.internal.MethodInvocationHelper.invokeMethodConsideringTimeout(MethodInvocationHelper.java:62)
at org.testng.internal.ConfigInvoker.invokeConfigurationMethod(ConfigInvoker.java:385)
at org.testng.internal.ConfigInvoker.invokeConfigurations(ConfigInvoker.java:321)
at org.testng.SuiteRunner.privateRun(SuiteRunner.java:317)
at org.testng.SuiteRunner.run(SuiteRunner.java:276)
at org.testng.SuiteRunnerWorker.runSuite(SuiteRunnerWorker.java:53)
at org.testng.SuiteRunnerWorker.run(SuiteRunnerWorker.java:96)
at org.testng.TestNG.runSuitesSequentially(TestNG.java:1212)
at org.testng.TestNG.runSuitesLocally(TestNG.java:1134)
at org.testng.TestNG.runSuites(TestNG.java:1063)
at org.testng.TestNG.run(TestNG.java:1031)
at org.testng.remote.AbstractRemoteTestNG.run(AbstractRemoteTestNG.java:115)
at org.testng.remote.RemoteTestNG.initAndRun(RemoteTestNG.java:293)
at org.testng.remote.RemoteTestNG.main(RemoteTestNG.java:91)
]]>
    </error>
  </testcase> <!-- beforesuite -->
  <system-out/>
  <testcase classname="com.mdg.prod.dashboard.MdgDataValidation_Final" name="kpa_dashboard_mdgenergychart" time="0.000">
    <skipped/>
  </testcase> <!-- kpa_dashboard_mdgenergychart -->
  <system-out/>
  <testcase classname="com.mdg.prod.dashboard.MdgDataValidation_Final" name="getSitedatPath" time="0.000">
    <skipped/>
  </testcase> <!-- getSitedatPath -->
  <system-out/>
</testsuite> <!-- com.mdg.prod.dashboard.MdgDataValidation_Final -->
